<?xml version="1.0" encoding="UTF-8"?>
<!-- Generated by org.testng.reporters.JUnitXMLReporter -->
<testsuite ignored="0" hostname="Kanchan" failures="0" tests="3" name="Default test" time="21.218" errors="0" timestamp="2024-09-23T17:50:12 IST">
  <testcase classname="com.KanchanPractce.TestngFeatures" name="userName" time="0.014"/>
  <testcase classname="com.KanchanPractce.TestngFeatures" name="login" time="0.001"/>
  <testcase classname="com.KanchanPractce.TestngFeatures" name="password" time="0.0"/>
</testsuite> <!-- Default test -->
