<?xml version="1.0" encoding="UTF-8"?>
<!-- Generated by org.testng.reporters.JUnitXMLReporter -->
<testsuite ignored="0" hostname="Kanchan" failures="0" tests="11" name="Test" time="70.278" errors="0" timestamp="2025-04-25T21:46:31 IST">
  <testcase classname="com.KanchanPractce.InvocationCountTest" name="swapp" time="0.017"/>
  <testcase classname="com.KanchanPractce.InvocationCountTest" name="swapp" time="0.001"/>
  <testcase classname="com.KanchanPractce.TestngFeatures" name="userName" time="0.0"/>
  <testcase classname="com.KanchanPractce.TestngFeatures" name="login" time="0.002"/>
  <testcase classname="com.KanchanPractce.TestngFeatures" name="password" time="0.002"/>
  <testcase classname="com.KanchanPractce.GoogleTest" name="checkTest" time="0.042"/>
  <testcase classname="com.KanchanPractce.GoogleTest" name="checkIndia" time="0.485"/>
  <testcase classname="com.KanchanPractce.GoogleTest" name="search" time="0.531"/>
  <testcase classname="com.KanchanPractce.GoogleTest" name="test1" time="0.002"/>
  <testcase classname="com.KanchanPractce.GoogleTest" name="test2" time="0.0"/>
  <testcase classname="com.KanchanPractce.GoogleTest" name="test3" time="0.0"/>
</testsuite> <!-- Test -->
