<?xml version="1.0" encoding="UTF-8"?>
<!-- Generated by org.testng.reporters.JUnitXMLReporter -->
<testsuite ignored="0" hostname="Kanchan" failures="0" tests="10" name="Test" time="123.483" errors="0" timestamp="2024-07-21T17:03:14 IST">
  <testcase classname="com.KanchanPractce.InvocationCountTest" name="swapp" time="0.052"/>
  <testcase classname="com.KanchanPractce.TestngFeatures" name="userName" time="0.003"/>
  <testcase classname="com.KanchanPractce.TestngFeatures" name="login" time="0.002"/>
  <testcase classname="com.KanchanPractce.TestngFeatures" name="password" time="0.002"/>
  <testcase classname="com.KanchanPractce.GoogleTest" name="checkTest" time="0.014"/>
  <testcase classname="com.KanchanPractce.GoogleTest" name="checkIndia" time="0.077"/>
  <testcase classname="com.KanchanPractce.GoogleTest" name="search" time="0.211"/>
  <testcase classname="com.KanchanPractce.GoogleTest" name="test1" time="0.006"/>
  <testcase classname="com.KanchanPractce.GoogleTest" name="test2" time="0.006"/>
  <testcase classname="com.KanchanPractce.GoogleTest" name="test3" time="0.001"/>
</testsuite> <!-- Test -->
