<?xml version="1.0" encoding="UTF-8"?>
<!-- Generated by org.testng.reporters.JUnitXMLReporter -->
<testsuite ignored="0" hostname="Kanchan" failures="0" tests="11" name="Test" time="57.088" errors="0" timestamp="2025-05-05T09:09:19 IST">
  <testcase classname="com.KanchanPractce.InvocationCountTest" name="swapp" time="0.01"/>
  <testcase classname="com.KanchanPractce.InvocationCountTest" name="swapp" time="0.001"/>
  <testcase classname="com.KanchanPractce.TestngFeatures" name="userName" time="0.001"/>
  <testcase classname="com.KanchanPractce.TestngFeatures" name="login" time="0.001"/>
  <testcase classname="com.KanchanPractce.TestngFeatures" name="password" time="0.001"/>
  <testcase classname="com.KanchanPractce.GoogleTest" name="checkTest" time="0.008"/>
  <testcase classname="com.KanchanPractce.GoogleTest" name="checkIndia" time="0.27"/>
  <testcase classname="com.KanchanPractce.GoogleTest" name="search" time="0.093"/>
  <testcase classname="com.KanchanPractce.GoogleTest" name="test1" time="0.0"/>
  <testcase classname="com.KanchanPractce.GoogleTest" name="test2" time="0.0"/>
  <testcase classname="com.KanchanPractce.GoogleTest" name="test3" time="0.0"/>
</testsuite> <!-- Test -->
