<?xml version="1.0" encoding="UTF-8"?>
<testsuite xmlns:xsi="http://www.w3.org/2001/XMLSchema-instance" xsi:noNamespaceSchemaLocation="https://maven.apache.org/surefire/maven-surefire-plugin/xsd/surefire-test-report-3.0.xsd" version="3.0" name="TestSuite" time="57.65" tests="11" errors="0" skipped="0" failures="0">
  <properties>
[...]
</properties>
  <testcase name="swapp" classname="com.KanchanPractce.InvocationCountTest" time="0.01">
    <system-out><![CDATA[a :- 20
b :- 10
]]></system-out>
    <system-err><![CDATA[SLF4J: Failed to load class "org.slf4j.impl.StaticLoggerBinder".
SLF4J: Defaulting to no-operation (NOP) logger implementation
SLF4J: See http://www.slf4j.org/codes.html#StaticLoggerBinder for further details.
]]></system-err>
  </testcase>
  <testcase name="swapp" classname="com.KanchanPractce.InvocationCountTest" time="0.0">
    <system-out><![CDATA[a :- 20
b :- 10
]]></system-out>
  </testcase>
  <testcase name="userName" classname="com.KanchanPractce.TestngFeatures" time="0.001">
    <system-out><![CDATA[enter username
]]></system-out>
    <system-err><![CDATA[log4j:WARN No appenders could be found for logger (org.apache.http.client.protocol.RequestAddCookies).
log4j:WARN Please initialize the log4j system properly.
log4j:WARN See http://logging.apache.org/log4j/1.2/faq.html#noconfig for more info.
ERROR StatusLogger Log4j2 could not find a logging implementation. Please add log4j-core to the classpath. Using SimpleLogger to log to the console...
1746416303676	geckodriver	INFO	Listening on 127.0.0.1:17668
1746416303985	mozrunner::runner	INFO	Running command: "C:\\Program Files\\Mozilla Firefox\\firefox.exe" "--marionette" "--remote-debugging-port" "13318" "--remote-allow-hosts" "localhost" "--remote-allow-origins" "http://127.0.0.1:13318/,http://localhost:13318/,http://[::1]:13318/" "-no-remote" "-profile" "C:\\Users\\HP\\AppData\\Local\\Temp\\rust_mozprofileByVjWn"
console.warn: services.settings: Ignoring preference override of remote settings server
console.warn: services.settings: Allow by setting MOZ_REMOTE_SETTINGS_DEVTOOLS=1 in the environment
Dynamically enable window occlusion 0
1746416304326	Marionette	INFO	Marionette enabled
1746416304463	Marionette	INFO	Listening on port 65279
WebDriver BiDi listening on ws://127.0.0.1:13318
Read port: 65279
1746416304626	RemoteAgent	WARN	TLS certificate errors will be ignored for this session
]]></system-err>
  </testcase>
  <testcase name="login" classname="com.KanchanPractce.TestngFeatures" time="0.002">
    <system-out><![CDATA[Click on submitt button
]]></system-out>
    <system-err><![CDATA[1746416308974	Marionette	INFO	Stopped listening on port 65279
Dynamically enable window occlusion 1
JavaScript warning: https://www.googletagmanager.com/gtag/js?id=G-JLJFWVDS10, line 655: Script terminated by timeout at:
k.di@https://www.googletagmanager.com/gtag/js?id=G-JLJFWVDS10:655:30
get@https://www.googletagmanager.com/gtag/js?id=G-JLJFWVDS10:653:119
stop@https://www.googletagmanager.com/gtag/js?id=G-JLJFWVDS10:653:87
k.bm/c/<@https://www.googletagmanager.com/gtag/js?id=G-JLJFWVDS10:653:410

1746416310220	geckodriver	INFO	Listening on 127.0.0.1:42414
1746416310287	mozrunner::runner	INFO	Running command: "C:\\Program Files\\Mozilla Firefox\\firefox.exe" "--marionette" "--remote-debugging-port" "18870" "--remote-allow-hosts" "localhost" "--remote-allow-origins" "http://127.0.0.1:18870/,http://localhost:18870/,http://[::1]:18870/" "-no-remote" "-profile" "C:\\Users\\HP\\AppData\\Local\\Temp\\rust_mozprofilemXRvW6"
console.warn: services.settings: Ignoring preference override of remote settings server
console.warn: services.settings: Allow by setting MOZ_REMOTE_SETTINGS_DEVTOOLS=1 in the environment
Dynamically enable window occlusion 0
1746416310638	Marionette	INFO	Marionette enabled
1746416310781	Marionette	INFO	Listening on port 65311
WebDriver BiDi listening on ws://127.0.0.1:18870
Read port: 65311
1746416310915	RemoteAgent	WARN	TLS certificate errors will be ignored for this session
]]></system-err>
  </testcase>
  <testcase name="password" classname="com.KanchanPractce.TestngFeatures" time="0.001">
    <system-out><![CDATA[Enter password
]]></system-out>
    <system-err><![CDATA[1746416314720	Marionette	INFO	Stopped listening on port 65311
Dynamically enable window occlusion 1
JavaScript warning: https://www.googletagmanager.com/gtag/js?id=G-JLJFWVDS10, line 164: Script terminated by timeout at:
Fc/<@https://www.googletagmanager.com/gtag/js?id=G-JLJFWVDS10:164:407

1746416315944	geckodriver	INFO	Listening on 127.0.0.1:40820
1746416315988	mozrunner::runner	INFO	Running command: "C:\\Program Files\\Mozilla Firefox\\firefox.exe" "--marionette" "--remote-debugging-port" "29125" "--remote-allow-hosts" "localhost" "--remote-allow-origins" "http://127.0.0.1:29125/,http://localhost:29125/,http://[::1]:29125/" "-no-remote" "-profile" "C:\\Users\\HP\\AppData\\Local\\Temp\\rust_mozprofileAkX4lC"
console.warn: services.settings: Ignoring preference override of remote settings server
console.warn: services.settings: Allow by setting MOZ_REMOTE_SETTINGS_DEVTOOLS=1 in the environment
Dynamically enable window occlusion 0
1746416316291	Marionette	INFO	Marionette enabled
1746416316417	Marionette	INFO	Listening on port 65344
Read port: 65344
WebDriver BiDi listening on ws://127.0.0.1:29125
1746416316500	RemoteAgent	WARN	TLS certificate errors will be ignored for this session
]]></system-err>
  </testcase>
  <testcase name="checkTest" classname="com.KanchanPractce.GoogleTest" time="0.011">
    <system-out><![CDATA[Online Shopping site in India: Shop Online for Mobiles, Books, Watches, Shoes and More - Amazon.in
]]></system-out>
    <system-err><![CDATA[1746416320103	Marionette	INFO	Stopped listening on port 65344
Dynamically enable window occlusion 1
JavaScript warning: https://www.googletagmanager.com/gtag/js?id=G-JLJFWVDS10, line 654: Script terminated by timeout at:
k.di@https://www.googletagmanager.com/gtag/js?id=G-JLJFWVDS10:654:30
get@https://www.googletagmanager.com/gtag/js?id=G-JLJFWVDS10:652:119
stop@https://www.googletagmanager.com/gtag/js?id=G-JLJFWVDS10:652:87
k.bm/c/<@https://www.googletagmanager.com/gtag/js?id=G-JLJFWVDS10:652:410

1746416321320	geckodriver	INFO	Listening on 127.0.0.1:26289
1746416321373	mozrunner::runner	INFO	Running command: "C:\\Program Files\\Mozilla Firefox\\firefox.exe" "--marionette" "--remote-debugging-port" "16025" "--remote-allow-hosts" "localhost" "--remote-allow-origins" "http://127.0.0.1:16025/,http://localhost:16025/,http://[::1]:16025/" "-no-remote" "-profile" "C:\\Users\\HP\\AppData\\Local\\Temp\\rust_mozprofileX2wgWk"
console.warn: services.settings: Ignoring preference override of remote settings server
console.warn: services.settings: Allow by setting MOZ_REMOTE_SETTINGS_DEVTOOLS=1 in the environment
Dynamically enable window occlusion 0
1746416321672	Marionette	INFO	Marionette enabled
1746416321798	Marionette	INFO	Listening on port 65378
Read port: 65378
WebDriver BiDi listening on ws://127.0.0.1:16025
1746416321870	RemoteAgent	WARN	TLS certificate errors will be ignored for this session
JavaScript warning: https://www.amazon.in/, line 3770: WEBGL_debug_renderer_info is deprecated in Firefox and will be removed. Please use RENDERER.
]]></system-err>
  </testcase>
  <testcase name="checkIndia" classname="com.KanchanPractce.GoogleTest" time="0.271">
    <system-out><![CDATA[true
]]></system-out>
    <system-err><![CDATA[1746416325006	Marionette	INFO	Stopped listening on port 65378
Dynamically enable window occlusion 1
JavaScript warning: https://images-eu.ssl-images-amazon.com/images/I/51f0fTxBUzL._RC|71qEgMXA+ZL.js,01F+A05ogQL.js,01VfhmbHmKL.js,71NM1ijDSFL.js,01cZ21lATAL.js,01bAfFgS7JL.js,01A2AtmCtlL.js,41jBieyCvYL.js,01wXnKULArL.js,01+pnQJuQ0L.js,21B24ikNJUL.js,41J5Xj+1TcL.js,51jIBA6BvSL.js,31XO9BO1OrL.js,11lw6J7z8iL.js,31NSDarX4TL.js,01VYGE8lGhL.js_.js?AUIClients/NavDesktopUberAsset#desktop.language-en.in.1173925-T1.1202466-T1.1089549-T1.1195494-T1.1089717-T1.1126664-T1.310484-T1.1179039-T1.1172084-T1.1195549-T1, line 148: Script terminated by timeout at:
k@https://images-eu.ssl-images-amazon.com/images/I/51f0fTxBUzL._RC|71qEgMXA+ZL.js,01F+A05ogQL.js,01VfhmbHmKL.js,71NM1ijDSFL.js,01cZ21lATAL.js,01bAfFgS7JL.js,01A2AtmCtlL.js,41jBieyCvYL.js,01wXnKULArL.js,01+pnQJuQ0L.js,21B24ikNJUL.js,41J5Xj+1TcL.js,51jIBA6BvSL.js,31XO9BO1OrL.js,11lw6J7z8iL.js,31NSDarX4TL.js,01VYGE8lGhL.js_.js?AUIClients/NavDesktopUberAsset#desktop.language-en.in.1173925-T1.1202466-T1.1089549-T1.1195494-T1.1089717-T1.1126664-T1.310484-T1.1179039-T1.1172084-T1.1195549-T1:148:103
add@https://images-eu.ssl-images-amazon.com/images/I/51f0fTxBUzL._RC|71qEgMXA+ZL.js,01F+A05ogQL.js,01VfhmbHmKL.js,71NM1ijDSFL.js,01cZ21lATAL.js,01bAfFgS7JL.js,01A2AtmCtlL.js,41jBieyCvYL.js,01wXnKULArL.js,01+pnQJuQ0L.js,21B24ikNJUL.js,41J5Xj+1TcL.js,51jIBA6BvSL.js,31XO9BO1OrL.js,11lw6J7z8iL.js,31NSDarX4TL.js,01VYGE8lGhL.js_.js?AUIClients/NavDesktopUberAsset#desktop.language-en.in.1173925-T1.1202466-T1.1089549-T1.1195494-T1.1089717-T1.1126664-T1.310484-T1.1179039-T1.1172084-T1.1195549-T1:148:333
@https://www.amazon.in/:2366:17
getResult/this.data.result<@https://images-eu.ssl-images-amazon.com/images/I/51f0fTxBUzL._RC|71qEgMXA+ZL.js,01F+A05ogQL.js,01VfhmbHmKL.js,71NM1ijDSFL.js,01cZ21lATAL.js,01bAfFgS7JL.js,01A2AtmCtlL.js,41jBieyCvYL.js,01wXnKULArL.js,01+pnQJuQ0L.js,21B24ikNJUL.js,41J5Xj+1TcL.js,51jIBA6BvSL.js,31XO9BO1OrL.js,11lw6J7z8iL.js,31NSDarX4TL.js,01VYGE8lGhL.js_.js?AUIClients/NavDesktopUberAsset#desktop.language-en.in.1173925-T1.1202466-T1.1089549-T1.1195494-T1.1089717-T1.1126664-T1.310484-T1.1179039-T1.1172084-T1.1195549-T1:16:52
m@https://images-eu.ssl-images-amazon.com/images/I/51f0fTxBUzL._RC|71qEgMXA+ZL.js,01F+A05ogQL.js,01VfhmbHmKL.js,71NM1ijDSFL.js,01cZ21lATAL.js,01bAfFgS7JL.js,01A2AtmCtlL.js,41jBieyCvYL.js,01wXnKULArL.js,01+pnQJuQ0L.js,21B24ikNJUL.js,41J5Xj+1TcL.js,51jIBA6BvSL.js,31XO9BO1OrL.js,11lw6J7z8iL.js,31NSDarX4TL.js,01VYGE8lGhL.js_.js?AUIClients/NavDesktopUberAsset#desktop.language-en.in.1173925-T1.1202466-T1.1089549-T1.1195494-T1.1089717-T1.1126664-T1.310484-T1.1179039-T1.1172084-T1.1195549-T1:6:275
getResult@https://images-eu.ssl-images-amazon.com/images/I/51f0fTxBUzL._RC|71qEgMXA+ZL.js,01F+A05ogQL.js,01VfhmbHmKL.js,71NM1ijDSFL.js,01cZ21lATAL.js,01bAfFgS7JL.js,01A2AtmCtlL.js,41jBieyCvYL.js,01wXnKULArL.js,01+pnQJuQ0L.js,21B24ikNJUL.js,41J5Xj+1TcL.js,51jIBA6BvSL.js,31XO9BO1OrL.js,11lw6J7z8iL.js,31NSDarX4TL.js,01VYGE8lGhL.js_.js?AUIClients/NavDesktopUberAsset#desktop.language-en.in.1173925-T1.1202466-T1.1089549-T1.1195494-T1.1089717-T1.1126664-T1.310484-T1.1179039-T1.1172084-T1.1195549-T1:16:19
execute@https://images-eu.ssl-images-amazon.com/images/I/51f0fTxBUzL._RC|71qEgMXA+ZL.js,01F+A05ogQL.js,01VfhmbHmKL.js,71NM1ijDSFL.js,01cZ21lATAL.js,01bAfFgS7JL.js,01A2AtmCtlL.js,41jBieyCvYL.js,01wXnKULArL.js,01+pnQJuQ0L.js,21B24ikNJUL.js,41J5Xj+1TcL.js,51jIBA6BvSL.js,31XO9BO1OrL.js,11lw6J7z8iL.js,31NSDarX4TL.js,01VYGE8lGhL.js_.js?AUIClients/NavDesktopUberAsset#desktop.language-en.in.1173925-T1.1202466-T1.1089549-T1.1195494-T1.1089717-T1.1126664-T1.310484-T1.1179039-T1.1172084-T1.1195549-T1:14:262
b@https://images-eu.ssl-images-amazon.com/images/I/51f0fTxBUzL._RC|71qEgMXA+ZL.js,01F+A05ogQL.js,01VfhmbHmKL.js,71NM1ijDSFL.js,01cZ21lATAL.js,01bAfFgS7JL.js,01A2AtmCtlL.js,41jBieyCvYL.js,01wXnKULArL.js,01+pnQJuQ0L.js,21B24ikNJUL.js,41J5Xj+1TcL.js,51jIBA6BvSL.js,31XO9BO1OrL.js,11lw6J7z8iL.js,31NSDarX4TL.js,01VYGE8lGhL.js_.js?AUIClients/NavDesktopUberAsset#desktop.language-en.in.1173925-T1.1202466-T1.1089549-T1.1195494-T1.1089717-T1.1126664-T1.310484-T1.1179039-T1.1172084-T1.1195549-T1:16:457
c@https://images-eu.ssl-images-amazon.com/images/I/51f0fTxBUzL._RC|71qEgMXA+ZL.js,01F+A05ogQL.js,01VfhmbHmKL.js,71NM1ijDSFL.js,01cZ21lATAL.js,01bAfFgS7JL.js,01A2AtmCtlL.js,41jBieyCvYL.js,01wXnKULArL.js,01+pnQJuQ0L.js,21B24ikNJUL.js,41J5Xj+1TcL.js,51jIBA6BvSL.js,31XO9BO1OrL.js,11lw6J7z8iL.js,31NSDarX4TL.js,01VYGE8lGhL.js_.js?AUIClients/NavDesktopUberAsset#desktop.language-en.in.1173925-T1.1202466-T1.1089549-T1.1195494-T1.1089717-T1.1126664-T1.310484-T1.1179039-T1.1172084-T1.1195549-T1:6:487

JavaScript error: resource://gre/actors/ContentMetaChild.sys.mjs, line 177: InvalidStateError: JSWindowActorChild.sendAsyncMessage: JSWindowActorChild cannot send at the moment
1746416326882	geckodriver	INFO	Listening on 127.0.0.1:22263
1746416326936	mozrunner::runner	INFO	Running command: "C:\\Program Files\\Mozilla Firefox\\firefox.exe" "--marionette" "--remote-debugging-port" "42754" "--remote-allow-hosts" "localhost" "--remote-allow-origins" "http://127.0.0.1:42754/,http://localhost:42754/,http://[::1]:42754/" "-no-remote" "-profile" "C:\\Users\\HP\\AppData\\Local\\Temp\\rust_mozprofileHy5tq0"
console.warn: services.settings: Ignoring preference override of remote settings server
console.warn: services.settings: Allow by setting MOZ_REMOTE_SETTINGS_DEVTOOLS=1 in the environment
Dynamically enable window occlusion 0
1746416327306	Marionette	INFO	Marionette enabled
1746416327442	Marionette	INFO	Listening on port 65429
WebDriver BiDi listening on ws://127.0.0.1:42754
Read port: 65429
1746416327595	RemoteAgent	WARN	TLS certificate errors will be ignored for this session
JavaScript warning: https://www.amazon.in/, line 3628: WEBGL_debug_renderer_info is deprecated in Firefox and will be removed. Please use RENDERER.
]]></system-err>
  </testcase>
  <testcase name="search" classname="com.KanchanPractce.GoogleTest" time="0.088">
    <system-out><![CDATA[true
]]></system-out>
    <system-err><![CDATA[1746416331332	Marionette	INFO	Stopped listening on port 65429
Dynamically enable window occlusion 1
JavaScript warning: https://m.media-amazon.com/images/I/61xJcNKKLXL.js?AUIClients/AmazonUIjQuery, line 44: Script terminated by timeout at:
camelCase@https://m.media-amazon.com/images/I/61xJcNKKLXL.js?AUIClients/AmazonUIjQuery:44:529
data@https://m.media-amazon.com/images/I/61xJcNKKLXL.js?AUIClients/AmazonUIjQuery:61:354
queue@https://m.media-amazon.com/images/I/61xJcNKKLXL.js?AUIClients/AmazonUIjQuery:65:105
queue/<@https://m.media-amazon.com/images/I/61xJcNKKLXL.js?AUIClients/AmazonUIjQuery:66:51
each@https://m.media-amazon.com/images/I/61xJcNKKLXL.js?AUIClients/AmazonUIjQuery:45:345
each@https://m.media-amazon.com/images/I/61xJcNKKLXL.js?AUIClients/AmazonUIjQuery:38:499
queue@https://m.media-amazon.com/images/I/61xJcNKKLXL.js?AUIClients/AmazonUIjQuery:66:27
animate@https://m.media-amazon.com/images/I/61xJcNKKLXL.js?AUIClients/AmazonUIjQuery:182:9
updateScrollThumb/<@https://images-eu.ssl-images-amazon.com/images/I/11lCLXBMk5L._RC|61YBxGSpjrL.js_.js?AUIClients/AmazonGatewayAuiAssets:1710:19
each@https://m.media-amazon.com/images/I/61xJcNKKLXL.js?AUIClients/AmazonUIjQuery:45:345
each@https://m.media-amazon.com/images/I/61xJcNKKLXL.js?AUIClients/AmazonUIjQuery:38:499
updateScrollThumb@https://images-eu.ssl-images-amazon.com/images/I/11lCLXBMk5L._RC|61YBxGSpjrL.js_.js?AUIClients/AmazonGatewayAuiAssets:1708:34
updateControls@https://images-eu.ssl-images-amazon.com/images/I/11lCLXBMk5L._RC|61YBxGSpjrL.js_.js?AUIClients/AmazonGatewayAuiAssets:1641:14
bindEvents/<@https://images-eu.ssl-images-amazon.com/images/I/11lCLXBMk5L._RC|61YBxGSpjrL.js_.js?AUIClients/AmazonGatewayAuiAssets:1409:16
handle@https://m.media-amazon.com/images/I/61xJcNKKLXL.js?AUIClients/AmazonUIjQuery:87:397
k@https://m.media-amazon.com/images/I/61xJcNKKLXL.js?AUIClients/AmazonUIjQuery:81:257
trigger@https://m.media-amazon.com/images/I/61xJcNKKLXL.js?AUIClients/AmazonUIjQuery:86:80
trigger/<@https://m.media-amazon.com/images/I/61xJcNKKLXL.js?AUIClients/AmazonUIjQuery:99:506
each@https://m.media-amazon.com/images/I/61xJcNKKLXL.js?AUIClients/AmazonUIjQuery:45:345
each@https://m.media-amazon.com/images/I/61xJcNKKLXL.js?AUIClients/AmazonUIjQuery:38:499
trigger@https://m.media-amazon.com/images/I/61xJcNKKLXL.js?AUIClients/AmazonUIjQuery:99:482
bindImageLoadEvents/<@https://images-eu.ssl-images-amazon.com/images/I/11lCLXBMk5L._RC|61YBxGSpjrL.js_.js?AUIClients/AmazonGatewayAuiAssets:1544:26
h@https://m.media-amazon.com/images/I/61xJcNKKLXL.js?AUIClients/AmazonUIjQuery:98:436
handle@https://m.media-amazon.com/images/I/61xJcNKKLXL.js?AUIClients/AmazonUIjQuery:87:397
k@https://m.media-amazon.com/images/I/61xJcNKKLXL.js?AUIClients/AmazonUIjQuery:81:257

1746416332898	geckodriver	INFO	Listening on 127.0.0.1:32138
1746416332951	mozrunner::runner	INFO	Running command: "C:\\Program Files\\Mozilla Firefox\\firefox.exe" "--marionette" "--remote-debugging-port" "15006" "--remote-allow-hosts" "localhost" "--remote-allow-origins" "http://127.0.0.1:15006/,http://localhost:15006/,http://[::1]:15006/" "-no-remote" "-profile" "C:\\Users\\HP\\AppData\\Local\\Temp\\rust_mozprofile9pdtK4"
console.warn: services.settings: Ignoring preference override of remote settings server
console.warn: services.settings: Allow by setting MOZ_REMOTE_SETTINGS_DEVTOOLS=1 in the environment
Dynamically enable window occlusion 0
1746416333255	Marionette	INFO	Marionette enabled
1746416333391	Marionette	INFO	Listening on port 65477
Read port: 65477
WebDriver BiDi listening on ws://127.0.0.1:15006
1746416333459	RemoteAgent	WARN	TLS certificate errors will be ignored for this session
JavaScript warning: https://www.amazon.in/, line 3752: WEBGL_debug_renderer_info is deprecated in Firefox and will be removed. Please use RENDERER.
]]></system-err>
  </testcase>
  <testcase name="test1" classname="com.KanchanPractce.GoogleTest" time="0.001">
    <system-out><![CDATA[test1
]]></system-out>
    <system-err><![CDATA[1746416337932	Marionette	INFO	Stopped listening on port 65477
Dynamically enable window occlusion 1
JavaScript warning: https://m.media-amazon.com/images/I/11zuylp74DL._RC|11Y+5x+kkTL.js,51LPrROZ2JL.js,11EeeaacI2L.js,11GgN1+C7hL.js,01+z+uIeJ-L.js,01VRMV3FBdL.js,21NadQlXUWL.js,012FVc3131L.js,11a7qqY8xXL.js,11rRjDLdAVL.js,51zH7YD-TsL.js,11FhdH2HZwL.js,11wb9K3sw0L.js,11BrgrMAHUL.js,11GYEyswV2L.js,210X-JWUe-L.js,01Svfxfy8OL.js,518u7YD3VHL.js,01JYHc2oIlL.js,31nfKXylf6L.js,01ktRCtOqKL.js,01ASnt2lbqL.js,11F929pmpYL.js,31vxRYDelFL.js,01rpauTep4L.js,31wjiT+nvTL.js,011FfPwYqHL.js,213iL7Jf1nL.js,014gnDeJDsL.js,11vb6P5C5AL.js,01UExRvQDKL.js_.js?AUIClients/AmazonUI#372963-T1, line 3: Script terminated by timeout at:
@https://m.media-amazon.com/images/I/11zuylp74DL._RC|11Y+5x+kkTL.js,51LPrROZ2JL.js,11EeeaacI2L.js,11GgN1+C7hL.js,01+z+uIeJ-L.js,01VRMV3FBdL.js,21NadQlXUWL.js,012FVc3131L.js,11a7qqY8xXL.js,11rRjDLdAVL.js,51zH7YD-TsL.js,11FhdH2HZwL.js,11wb9K3sw0L.js,11BrgrMAHUL.js,11GYEyswV2L.js,210X-JWUe-L.js,01Svfxfy8OL.js,518u7YD3VHL.js,01JYHc2oIlL.js,31nfKXylf6L.js,01ktRCtOqKL.js,01ASnt2lbqL.js,11F929pmpYL.js,31vxRYDelFL.js,01rpauTep4L.js,31wjiT+nvTL.js,011FfPwYqHL.js,213iL7Jf1nL.js,014gnDeJDsL.js,11vb6P5C5AL.js,01UExRvQDKL.js_.js?AUIClients/AmazonUI#372963-T1:3:254

1746416339440	geckodriver	INFO	Listening on 127.0.0.1:33534
1746416339486	mozrunner::runner	INFO	Running command: "C:\\Program Files\\Mozilla Firefox\\firefox.exe" "--marionette" "--remote-debugging-port" "23863" "--remote-allow-hosts" "localhost" "--remote-allow-origins" "http://127.0.0.1:23863/,http://localhost:23863/,http://[::1]:23863/" "-no-remote" "-profile" "C:\\Users\\HP\\AppData\\Local\\Temp\\rust_mozprofileuzVx1F"
console.warn: services.settings: Ignoring preference override of remote settings server
console.warn: services.settings: Allow by setting MOZ_REMOTE_SETTINGS_DEVTOOLS=1 in the environment
Dynamically enable window occlusion 0
1746416339877	Marionette	INFO	Marionette enabled
1746416340005	Marionette	INFO	Listening on port 65529
WebDriver BiDi listening on ws://127.0.0.1:23863
Read port: 65529
1746416340128	RemoteAgent	WARN	TLS certificate errors will be ignored for this session
JavaScript warning: https://www.amazon.in/, line 3784: WEBGL_debug_renderer_info is deprecated in Firefox and will be removed. Please use RENDERER.
]]></system-err>
  </testcase>
  <testcase name="test2" classname="com.KanchanPractce.GoogleTest" time="0.0">
    <system-out><![CDATA[test2
]]></system-out>
    <system-err><![CDATA[1746416343427	Marionette	INFO	Stopped listening on port 65529
Dynamically enable window occlusion 1
JavaScript warning: https://m.media-amazon.com/images/I/61xJcNKKLXL.js?AUIClients/AmazonUIjQuery, line 132: Script terminated by timeout at:
find@https://m.media-amazon.com/images/I/61xJcNKKLXL.js?AUIClients/AmazonUIjQuery:132:338
init@https://m.media-amazon.com/images/I/61xJcNKKLXL.js?AUIClients/AmazonUIjQuery:36:451
b@https://m.media-amazon.com/images/I/61xJcNKKLXL.js?AUIClients/AmazonUIjQuery:34:396
@https://m.media-amazon.com/images/I/11zuylp74DL._RC|11Y+5x+kkTL.js,51LPrROZ2JL.js,11EeeaacI2L.js,11GgN1+C7hL.js,01+z+uIeJ-L.js,01VRMV3FBdL.js,21NadQlXUWL.js,012FVc3131L.js,11a7qqY8xXL.js,11rRjDLdAVL.js,51zH7YD-TsL.js,11FhdH2HZwL.js,11wb9K3sw0L.js,11BrgrMAHUL.js,11GYEyswV2L.js,210X-JWUe-L.js,01Svfxfy8OL.js,518u7YD3VHL.js,01JYHc2oIlL.js,31nfKXylf6L.js,01ktRCtOqKL.js,01ASnt2lbqL.js,11F929pmpYL.js,31vxRYDelFL.js,01rpauTep4L.js,31wjiT+nvTL.js,011FfPwYqHL.js,213iL7Jf1nL.js,014gnDeJDsL.js,11vb6P5C5AL.js,01UExRvQDKL.js_.js?AUIClients/AmazonUI#372963-T1:457:329
n@https://www.amazon.in/:118:307
M/</<@https://www.amazon.in/:120:111
z@https://www.amazon.in/:121:278

JavaScript error: resource://gre/actors/ContentMetaChild.sys.mjs, line 177: InvalidStateError: JSWindowActorChild.sendAsyncMessage: JSWindowActorChild cannot send at the moment
1746416345589	geckodriver	INFO	Listening on 127.0.0.1:27801
1746416345628	mozrunner::runner	INFO	Running command: "C:\\Program Files\\Mozilla Firefox\\firefox.exe" "--marionette" "--remote-debugging-port" "25327" "--remote-allow-hosts" "localhost" "--remote-allow-origins" "http://127.0.0.1:25327/,http://localhost:25327/,http://[::1]:25327/" "-no-remote" "-profile" "C:\\Users\\HP\\AppData\\Local\\Temp\\rust_mozprofile52n6hX"
console.warn: services.settings: Ignoring preference override of remote settings server
console.warn: services.settings: Allow by setting MOZ_REMOTE_SETTINGS_DEVTOOLS=1 in the environment
Dynamically enable window occlusion 0
1746416345993	Marionette	INFO	Marionette enabled
1746416346138	Marionette	INFO	Listening on port 49193
WebDriver BiDi listening on ws://127.0.0.1:25327
Read port: 49193
1746416346258	RemoteAgent	WARN	TLS certificate errors will be ignored for this session
JavaScript warning: https://www.amazon.in/, line 3757: WEBGL_debug_renderer_info is deprecated in Firefox and will be removed. Please use RENDERER.
]]></system-err>
  </testcase>
  <testcase name="test3" classname="com.KanchanPractce.GoogleTest" time="0.002">
    <system-out><![CDATA[test3
]]></system-out>
    <system-err><![CDATA[1746416352179	Marionette	INFO	Stopped listening on port 49193
Dynamically enable window occlusion 1
JavaScript warning: https://www.amazon.in/, line 3702: Script terminated by timeout at:
l@https://www.amazon.in/:3702:262

1746416353638	geckodriver	INFO	Listening on 127.0.0.1:31762
1746416353687	mozrunner::runner	INFO	Running command: "C:\\Program Files\\Mozilla Firefox\\firefox.exe" "--marionette" "--remote-debugging-port" "13146" "--remote-allow-hosts" "localhost" "--remote-allow-origins" "http://127.0.0.1:13146/,http://localhost:13146/,http://[::1]:13146/" "-no-remote" "-profile" "C:\\Users\\HP\\AppData\\Local\\Temp\\rust_mozprofile8oz3Iu"
console.warn: services.settings: Ignoring preference override of remote settings server
console.warn: services.settings: Allow by setting MOZ_REMOTE_SETTINGS_DEVTOOLS=1 in the environment
Dynamically enable window occlusion 0
1746416354015	Marionette	INFO	Marionette enabled
1746416354163	Marionette	INFO	Listening on port 49254
WebDriver BiDi listening on ws://127.0.0.1:13146
Read port: 49254
1746416354315	RemoteAgent	WARN	TLS certificate errors will be ignored for this session
JavaScript warning: https://www.amazon.in/, line 3758: WEBGL_debug_renderer_info is deprecated in Firefox and will be removed. Please use RENDERER.
]]></system-err>
  </testcase>
</testsuite>