<?xml version="1.0" encoding="UTF-8"?>
<testsuite xmlns:xsi="http://www.w3.org/2001/XMLSchema-instance" xsi:noNamespaceSchemaLocation="https://maven.apache.org/surefire/maven-surefire-plugin/xsd/surefire-test-report-3.0.xsd" version="3.0" name="TestSuite" time="55.188" tests="11" errors="0" skipped="0" failures="0">
  <properties>
[...]
</properties>
  <testcase name="swapp" classname="com.KanchanPractce.InvocationCountTest" time="0.013">
    <system-out><![CDATA[a:--->20
b:--->10
]]></system-out>
    <system-err><![CDATA[SLF4J: Failed to load class "org.slf4j.impl.StaticLoggerBinder".
SLF4J: Defaulting to no-operation (NOP) logger implementation
SLF4J: See http://www.slf4j.org/codes.html#StaticLoggerBinder for further details.
]]></system-err>
  </testcase>
  <testcase name="swapp" classname="com.KanchanPractce.InvocationCountTest" time="0.0">
    <system-out><![CDATA[a:--->20
b:--->10
]]></system-out>
  </testcase>
  <testcase name="userName" classname="com.KanchanPractce.TestngFeatures" time="0.003">
    <system-out><![CDATA[enter username
]]></system-out>
    <system-err><![CDATA[log4j:WARN No appenders could be found for logger (org.apache.http.client.protocol.RequestAddCookies).
log4j:WARN Please initialize the log4j system properly.
log4j:WARN See http://logging.apache.org/log4j/1.2/faq.html#noconfig for more info.
ERROR StatusLogger Log4j2 could not find a logging implementation. Please add log4j-core to the classpath. Using SimpleLogger to log to the console...
1745760159313	geckodriver	INFO	Listening on 127.0.0.1:47845
1745760159535	mozrunner::runner	INFO	Running command: "C:\\Program Files\\Mozilla Firefox\\firefox.exe" "--marionette" "--remote-debugging-port" "37954" "--remote-allow-hosts" "localhost" "--remote-allow-origins" "http://127.0.0.1:37954/,http://localhost:37954/,http://[::1]:37954/" "-no-remote" "-profile" "C:\\WINDOWS\\SystemTemp\\rust_mozprofileChKX9Y"
console.warn: services.settings: Ignoring preference override of remote settings server
console.warn: services.settings: Allow by setting MOZ_REMOTE_SETTINGS_DEVTOOLS=1 in the environment
Dynamically enable window occlusion 0
1745760159962	Marionette	INFO	Marionette enabled
1745760160127	Marionette	INFO	Listening on port 59458
WebDriver BiDi listening on ws://127.0.0.1:37954
Read port: 59458
1745760160352	RemoteAgent	WARN	TLS certificate errors will be ignored for this session
[GFX1-]: Fallback WR to SW-WR + D3D11
[GFX1-]: Fallback SW-WR + D3D11 to SW-WR
[GFX1-]: Fallback remains SW-WR
[GFX1-]: Failed to initialize GPU process
[GFX1-]: RenderCompositorSWGL failed mapping default framebuffer, no dt
JavaScript error: resource://gre/modules/WindowsLaunchOnLogin.sys.mjs, line 35: NS_ERROR_FAILURE: Component returned failure code: 0x80004005 (NS_ERROR_FAILURE) [nsIWindowsRegKey.open]
JavaScript error: resource://gre/modules/WindowsLaunchOnLogin.sys.mjs, line 35: NS_ERROR_FAILURE: Component returned failure code: 0x80004005 (NS_ERROR_FAILURE) [nsIWindowsRegKey.open]
]]></system-err>
  </testcase>
  <testcase name="login" classname="com.KanchanPractce.TestngFeatures" time="0.002">
    <system-out><![CDATA[Click on submitt button
]]></system-out>
    <system-err><![CDATA[1745760163943	Marionette	INFO	Stopped listening on port 59458
Dynamically enable window occlusion 1
1745760165021	geckodriver	INFO	Listening on 127.0.0.1:40583
1745760165078	mozrunner::runner	INFO	Running command: "C:\\Program Files\\Mozilla Firefox\\firefox.exe" "--marionette" "--remote-debugging-port" "35092" "--remote-allow-hosts" "localhost" "--remote-allow-origins" "http://127.0.0.1:35092/,http://localhost:35092/,http://[::1]:35092/" "-no-remote" "-profile" "C:\\WINDOWS\\SystemTemp\\rust_mozprofileEqx6mY"
console.warn: services.settings: Ignoring preference override of remote settings server
console.warn: services.settings: Allow by setting MOZ_REMOTE_SETTINGS_DEVTOOLS=1 in the environment
Dynamically enable window occlusion 0
1745760165392	Marionette	INFO	Marionette enabled
1745760165536	Marionette	INFO	Listening on port 59494
WebDriver BiDi listening on ws://127.0.0.1:35092
Read port: 59494
1745760165734	RemoteAgent	WARN	TLS certificate errors will be ignored for this session
[GFX1-]: Fallback WR to SW-WR + D3D11
[GFX1-]: Fallback SW-WR + D3D11 to SW-WR
[GFX1-]: Fallback remains SW-WR
[GFX1-]: Failed to initialize GPU process
[GFX1-]: RenderCompositorSWGL failed mapping default framebuffer, no dt
JavaScript error: resource://gre/modules/WindowsLaunchOnLogin.sys.mjs, line 35: NS_ERROR_FAILURE: Component returned failure code: 0x80004005 (NS_ERROR_FAILURE) [nsIWindowsRegKey.open]
JavaScript error: resource://gre/modules/WindowsLaunchOnLogin.sys.mjs, line 35: NS_ERROR_FAILURE: Component returned failure code: 0x80004005 (NS_ERROR_FAILURE) [nsIWindowsRegKey.open]
]]></system-err>
  </testcase>
  <testcase name="password" classname="com.KanchanPractce.TestngFeatures" time="0.003">
    <system-out><![CDATA[Enter password
]]></system-out>
    <system-err><![CDATA[1745760169594	Marionette	INFO	Stopped listening on port 59494
Dynamically enable window occlusion 1
1745760170888	geckodriver	INFO	Listening on 127.0.0.1:32180
1745760170933	mozrunner::runner	INFO	Running command: "C:\\Program Files\\Mozilla Firefox\\firefox.exe" "--marionette" "--remote-debugging-port" "31221" "--remote-allow-hosts" "localhost" "--remote-allow-origins" "http://127.0.0.1:31221/,http://localhost:31221/,http://[::1]:31221/" "-no-remote" "-profile" "C:\\WINDOWS\\SystemTemp\\rust_mozprofiledsisOS"
console.warn: services.settings: Ignoring preference override of remote settings server
console.warn: services.settings: Allow by setting MOZ_REMOTE_SETTINGS_DEVTOOLS=1 in the environment
Dynamically enable window occlusion 0
1745760171274	Marionette	INFO	Marionette enabled
1745760171421	Marionette	INFO	Listening on port 59525
WebDriver BiDi listening on ws://127.0.0.1:31221
Read port: 59525
1745760171606	RemoteAgent	WARN	TLS certificate errors will be ignored for this session
[GFX1-]: Fallback WR to SW-WR + D3D11
[GFX1-]: Fallback SW-WR + D3D11 to SW-WR
[GFX1-]: Fallback remains SW-WR
[GFX1-]: Failed to initialize GPU process
[GFX1-]: RenderCompositorSWGL failed mapping default framebuffer, no dt
JavaScript error: resource://gre/modules/WindowsLaunchOnLogin.sys.mjs, line 35: NS_ERROR_FAILURE: Component returned failure code: 0x80004005 (NS_ERROR_FAILURE) [nsIWindowsRegKey.open]
JavaScript error: resource://gre/modules/WindowsLaunchOnLogin.sys.mjs, line 35: NS_ERROR_FAILURE: Component returned failure code: 0x80004005 (NS_ERROR_FAILURE) [nsIWindowsRegKey.open]
]]></system-err>
  </testcase>
  <testcase name="checkTest" classname="com.KanchanPractce.GoogleTest" time="0.009">
    <system-out><![CDATA[Online Shopping site in India: Shop Online for Mobiles, Books, Watches, Shoes and More - Amazon.in
]]></system-out>
    <system-err><![CDATA[1745760174918	Marionette	INFO	Stopped listening on port 59525
Dynamically enable window occlusion 1
1745760175863	geckodriver	INFO	Listening on 127.0.0.1:8452
1745760175923	mozrunner::runner	INFO	Running command: "C:\\Program Files\\Mozilla Firefox\\firefox.exe" "--marionette" "--remote-debugging-port" "10805" "--remote-allow-hosts" "localhost" "--remote-allow-origins" "http://127.0.0.1:10805/,http://localhost:10805/,http://[::1]:10805/" "-no-remote" "-profile" "C:\\WINDOWS\\SystemTemp\\rust_mozprofileSd6YUx"
console.warn: services.settings: Ignoring preference override of remote settings server
console.warn: services.settings: Allow by setting MOZ_REMOTE_SETTINGS_DEVTOOLS=1 in the environment
Dynamically enable window occlusion 0
1745760176233	Marionette	INFO	Marionette enabled
1745760176377	Marionette	INFO	Listening on port 59557
Read port: 59557
WebDriver BiDi listening on ws://127.0.0.1:10805
1745760176461	RemoteAgent	WARN	TLS certificate errors will be ignored for this session
[GFX1-]: Fallback WR to SW-WR + D3D11
[GFX1-]: Fallback SW-WR + D3D11 to SW-WR
[GFX1-]: Fallback remains SW-WR
[GFX1-]: Failed to initialize GPU process
[GFX1-]: RenderCompositorSWGL failed mapping default framebuffer, no dt
JavaScript error: resource://gre/modules/WindowsLaunchOnLogin.sys.mjs, line 35: NS_ERROR_FAILURE: Component returned failure code: 0x80004005 (NS_ERROR_FAILURE) [nsIWindowsRegKey.open]
JavaScript error: resource://gre/modules/WindowsLaunchOnLogin.sys.mjs, line 35: NS_ERROR_FAILURE: Component returned failure code: 0x80004005 (NS_ERROR_FAILURE) [nsIWindowsRegKey.open]
JavaScript warning: https://www.amazon.in/, line 3774: WEBGL_debug_renderer_info is deprecated in Firefox and will be removed. Please use RENDERER.
]]></system-err>
  </testcase>
  <testcase name="checkIndia" classname="com.KanchanPractce.GoogleTest" time="0.266">
    <system-out><![CDATA[true
]]></system-out>
    <system-err><![CDATA[1745760179841	Marionette	INFO	Stopped listening on port 59557
JavaScript warning: https://m.media-amazon.com/images/I/61xJcNKKLXL.js?AUIClients/AmazonUIjQuery, line 30: Script terminated by timeout at:
Ea@https://m.media-amazon.com/images/I/61xJcNKKLXL.js?AUIClients/AmazonUIjQuery:30:12
get@https://m.media-amazon.com/images/I/61xJcNKKLXL.js?AUIClients/AmazonUIjQuery:156:22
css@https://m.media-amazon.com/images/I/61xJcNKKLXL.js?AUIClients/AmazonUIjQuery:155:233
c.fn.css/<@https://m.media-amazon.com/images/I/61xJcNKKLXL.js?AUIClients/AmazonUIjQuery:153:377
access@https://m.media-amazon.com/images/I/61xJcNKKLXL.js?AUIClients/AmazonUIjQuery:48:277
c.fn.css@https://m.media-amazon.com/images/I/61xJcNKKLXL.js?AUIClients/AmazonUIjQuery:153:312
g@https://m.media-amazon.com/images/I/11zuylp74DL._RC|11Y+5x+kkTL.js,51LPrROZ2JL.js,11EeeaacI2L.js,11GgN1+C7hL.js,01+z+uIeJ-L.js,01VRMV3FBdL.js,21NadQlXUWL.js,012FVc3131L.js,11a7qqY8xXL.js,11rRjDLdAVL.js,51zH7YD-TsL.js,11FhdH2HZwL.js,11wb9K3sw0L.js,11BrgrMAHUL.js,11GYEyswV2L.js,210X-JWUe-L.js,01Svfxfy8OL.js,518u7YD3VHL.js,01JYHc2oIlL.js,31nfKXylf6L.js,01ktRCtOqKL.js,01ASnt2lbqL.js,11F929pmpYL.js,31vxRYDelFL.js,01rpauTep4L.js,31wjiT+nvTL.js,011FfPwYqHL.js,213iL7Jf1nL.js,014gnDeJDsL.js,11vb6P5C5AL.js,01UExRvQDKL.js_.js?AUIClients/AmazonUI#372963-T1:492:145
update@https://m.media-amazon.com/images/I/11zuylp74DL._RC|11Y+5x+kkTL.js,51LPrROZ2JL.js,11EeeaacI2L.js,11GgN1+C7hL.js,01+z+uIeJ-L.js,01VRMV3FBdL.js,21NadQlXUWL.js,012FVc3131L.js,11a7qqY8xXL.js,11rRjDLdAVL.js,51zH7YD-TsL.js,11FhdH2HZwL.js,11wb9K3sw0L.js,11BrgrMAHUL.js,11GYEyswV2L.js,210X-JWUe-L.js,01Svfxfy8OL.js,518u7YD3VHL.js,01JYHc2oIlL.js,31nfKXylf6L.js,01ktRCtOqKL.js,01ASnt2lbqL.js,11F929pmpYL.js,31vxRYDelFL.js,01rpauTep4L.js,31wjiT+nvTL.js,011FfPwYqHL.js,213iL7Jf1nL.js,014gnDeJDsL.js,11vb6P5C5AL.js,01UExRvQDKL.js_.js?AUIClients/AmazonUI#372963-T1:493:419
m<@https://m.media-amazon.com/images/I/11zuylp74DL._RC|11Y+5x+kkTL.js,51LPrROZ2JL.js,11EeeaacI2L.js,11GgN1+C7hL.js,01+z+uIeJ-L.js,01VRMV3FBdL.js,21NadQlXUWL.js,012FVc3131L.js,11a7qqY8xXL.js,11rRjDLdAVL.js,51zH7YD-TsL.js,11FhdH2HZwL.js,11wb9K3sw0L.js,11BrgrMAHUL.js,11GYEyswV2L.js,210X-JWUe-L.js,01Svfxfy8OL.js,518u7YD3VHL.js,01JYHc2oIlL.js,31nfKXylf6L.js,01ktRCtOqKL.js,01ASnt2lbqL.js,11F929pmpYL.js,31vxRYDelFL.js,01rpauTep4L.js,31wjiT+nvTL.js,011FfPwYqHL.js,213iL7Jf1nL.js,014gnDeJDsL.js,11vb6P5C5AL.js,01UExRvQDKL.js_.js?AUIClients/AmazonUI#372963-T1:496:29
b@https://m.media-amazon.com/images/I/11zuylp74DL._RC|11Y+5x+kkTL.js,51LPrROZ2JL.js,11EeeaacI2L.js,11GgN1+C7hL.js,01+z+uIeJ-L.js,01VRMV3FBdL.js,21NadQlXUWL.js,012FVc3131L.js,11a7qqY8xXL.js,11rRjDLdAVL.js,51zH7YD-TsL.js,11FhdH2HZwL.js,11wb9K3sw0L.js,11BrgrMAHUL.js,11GYEyswV2L.js,210X-JWUe-L.js,01Svfxfy8OL.js,518u7YD3VHL.js,01JYHc2oIlL.js,31nfKXylf6L.js,01ktRCtOqKL.js,01ASnt2lbqL.js,11F929pmpYL.js,31vxRYDelFL.js,01rpauTep4L.js,31wjiT+nvTL.js,011FfPwYqHL.js,213iL7Jf1nL.js,014gnDeJDsL.js,11vb6P5C5AL.js,01UExRvQDKL.js_.js?AUIClients/AmazonUI#372963-T1:495:403
guardTime/<@https://www.amazon.in/:118:69
f</delay/k<@https://m.media-amazon.com/images/I/11zuylp74DL._RC|11Y+5x+kkTL.js,51LPrROZ2JL.js,11EeeaacI2L.js,11GgN1+C7hL.js,01+z+uIeJ-L.js,01VRMV3FBdL.js,21NadQlXUWL.js,012FVc3131L.js,11a7qqY8xXL.js,11rRjDLdAVL.js,51zH7YD-TsL.js,11FhdH2HZwL.js,11wb9K3sw0L.js,11BrgrMAHUL.js,11GYEyswV2L.js,210X-JWUe-L.js,01Svfxfy8OL.js,518u7YD3VHL.js,01JYHc2oIlL.js,31nfKXylf6L.js,01ktRCtOqKL.js,01ASnt2lbqL.js,11F929pmpYL.js,31vxRYDelFL.js,01rpauTep4L.js,31wjiT+nvTL.js,011FfPwYqHL.js,213iL7Jf1nL.js,014gnDeJDsL.js,11vb6P5C5AL.js,01UExRvQDKL.js_.js?AUIClients/AmazonUI#372963-T1:22:268
M/</<@https://www.amazon.in/:114:111
f</delay/<@https://m.media-amazon.com/images/I/11zuylp74DL._RC|11Y+5x+kkTL.js,51LPrROZ2JL.js,11EeeaacI2L.js,11GgN1+C7hL.js,01+z+uIeJ-L.js,01VRMV3FBdL.js,21NadQlXUWL.js,012FVc3131L.js,11a7qqY8xXL.js,11rRjDLdAVL.js,51zH7YD-TsL.js,11FhdH2HZwL.js,11wb9K3sw0L.js,11BrgrMAHUL.js,11GYEyswV2L.js,210X-JWUe-L.js,01Svfxfy8OL.js,518u7YD3VHL.js,01JYHc2oIlL.js,31nfKXylf6L.js,01ktRCtOqKL.js,01ASnt2lbqL.js,11F929pmpYL.js,31vxRYDelFL.js,01rpauTep4L.js,31wjiT+nvTL.js,011FfPwYqHL.js,213iL7Jf1nL.js,014gnDeJDsL.js,11vb6P5C5AL.js,01UExRvQDKL.js_.js?AUIClients/AmazonUI#372963-T1:22:372

Dynamically enable window occlusion 1
1745760181301	geckodriver	INFO	Listening on 127.0.0.1:49139
1745760181342	mozrunner::runner	INFO	Running command: "C:\\Program Files\\Mozilla Firefox\\firefox.exe" "--marionette" "--remote-debugging-port" "2833" "--remote-allow-hosts" "localhost" "--remote-allow-origins" "http://127.0.0.1:2833/,http://localhost:2833/,http://[::1]:2833/" "-no-remote" "-profile" "C:\\WINDOWS\\SystemTemp\\rust_mozprofileqQ3wRv"
console.warn: services.settings: Ignoring preference override of remote settings server
console.warn: services.settings: Allow by setting MOZ_REMOTE_SETTINGS_DEVTOOLS=1 in the environment
Dynamically enable window occlusion 0
1745760181672	Marionette	INFO	Marionette enabled
1745760181823	Marionette	INFO	Listening on port 59593
WebDriver BiDi listening on ws://127.0.0.1:2833
Read port: 59593
1745760182012	RemoteAgent	WARN	TLS certificate errors will be ignored for this session
[GFX1-]: Fallback WR to SW-WR + D3D11
[GFX1-]: Fallback SW-WR + D3D11 to SW-WR
[GFX1-]: Fallback remains SW-WR
[GFX1-]: Failed to initialize GPU process
[GFX1-]: RenderCompositorSWGL failed mapping default framebuffer, no dt
JavaScript error: resource://gre/modules/WindowsLaunchOnLogin.sys.mjs, line 35: NS_ERROR_FAILURE: Component returned failure code: 0x80004005 (NS_ERROR_FAILURE) [nsIWindowsRegKey.open]
JavaScript error: resource://gre/modules/WindowsLaunchOnLogin.sys.mjs, line 35: NS_ERROR_FAILURE: Component returned failure code: 0x80004005 (NS_ERROR_FAILURE) [nsIWindowsRegKey.open]
JavaScript warning: https://www.amazon.in/, line 3651: WEBGL_debug_renderer_info is deprecated in Firefox and will be removed. Please use RENDERER.
]]></system-err>
  </testcase>
  <testcase name="search" classname="com.KanchanPractce.GoogleTest" time="0.19">
    <system-out><![CDATA[true
]]></system-out>
    <system-err><![CDATA[1745760185223	Marionette	INFO	Stopped listening on port 59593
JavaScript warning: chrome://global/content/elements/videocontrols.js, line 3267: Script terminated by timeout at:
updateReflowedDimensions@chrome://global/content/elements/videocontrols.js:3267:7
handleEvent@chrome://global/content/elements/videocontrols.js:3176:18

Dynamically enable window occlusion 1
1745760187018	geckodriver	INFO	Listening on 127.0.0.1:44190
1745760187075	mozrunner::runner	INFO	Running command: "C:\\Program Files\\Mozilla Firefox\\firefox.exe" "--marionette" "--remote-debugging-port" "5372" "--remote-allow-hosts" "localhost" "--remote-allow-origins" "http://127.0.0.1:5372/,http://localhost:5372/,http://[::1]:5372/" "-no-remote" "-profile" "C:\\WINDOWS\\SystemTemp\\rust_mozprofile0GNIMp"
console.warn: services.settings: Ignoring preference override of remote settings server
console.warn: services.settings: Allow by setting MOZ_REMOTE_SETTINGS_DEVTOOLS=1 in the environment
Dynamically enable window occlusion 0
1745760187405	Marionette	INFO	Marionette enabled
1745760187549	Marionette	INFO	Listening on port 59641
WebDriver BiDi listening on ws://127.0.0.1:5372
Read port: 59641
1745760187747	RemoteAgent	WARN	TLS certificate errors will be ignored for this session
[GFX1-]: Fallback WR to SW-WR + D3D11
[GFX1-]: Fallback SW-WR + D3D11 to SW-WR
[GFX1-]: Fallback remains SW-WR
[GFX1-]: Failed to initialize GPU process
[GFX1-]: RenderCompositorSWGL failed mapping default framebuffer, no dt
JavaScript error: resource://gre/modules/WindowsLaunchOnLogin.sys.mjs, line 35: NS_ERROR_FAILURE: Component returned failure code: 0x80004005 (NS_ERROR_FAILURE) [nsIWindowsRegKey.open]
JavaScript error: resource://gre/modules/WindowsLaunchOnLogin.sys.mjs, line 35: NS_ERROR_FAILURE: Component returned failure code: 0x80004005 (NS_ERROR_FAILURE) [nsIWindowsRegKey.open]
JavaScript warning: https://www.amazon.in/, line 3757: WEBGL_debug_renderer_info is deprecated in Firefox and will be removed. Please use RENDERER.
]]></system-err>
  </testcase>
  <testcase name="test1" classname="com.KanchanPractce.GoogleTest" time="0.002">
    <system-out><![CDATA[test1
]]></system-out>
    <system-err><![CDATA[1745760190969	Marionette	INFO	Stopped listening on port 59641
Dynamically enable window occlusion 1
1745760193350	geckodriver	INFO	Listening on 127.0.0.1:3648
1745760193383	mozrunner::runner	INFO	Running command: "C:\\Program Files\\Mozilla Firefox\\firefox.exe" "--marionette" "--remote-debugging-port" "17063" "--remote-allow-hosts" "localhost" "--remote-allow-origins" "http://127.0.0.1:17063/,http://localhost:17063/,http://[::1]:17063/" "-no-remote" "-profile" "C:\\WINDOWS\\SystemTemp\\rust_mozprofileU5gYwi"
console.warn: services.settings: Ignoring preference override of remote settings server
console.warn: services.settings: Allow by setting MOZ_REMOTE_SETTINGS_DEVTOOLS=1 in the environment
Dynamically enable window occlusion 0
1745760193694	Marionette	INFO	Marionette enabled
1745760193833	Marionette	INFO	Listening on port 59691
Read port: 59691
WebDriver BiDi listening on ws://127.0.0.1:17063
1745760193908	RemoteAgent	WARN	TLS certificate errors will be ignored for this session
[GFX1-]: Fallback WR to SW-WR + D3D11
[GFX1-]: Fallback SW-WR + D3D11 to SW-WR
[GFX1-]: Fallback remains SW-WR
[GFX1-]: Failed to initialize GPU process
[GFX1-]: RenderCompositorSWGL failed mapping default framebuffer, no dt
JavaScript error: resource://gre/modules/WindowsLaunchOnLogin.sys.mjs, line 35: NS_ERROR_FAILURE: Component returned failure code: 0x80004005 (NS_ERROR_FAILURE) [nsIWindowsRegKey.open]
JavaScript error: resource://gre/modules/WindowsLaunchOnLogin.sys.mjs, line 35: NS_ERROR_FAILURE: Component returned failure code: 0x80004005 (NS_ERROR_FAILURE) [nsIWindowsRegKey.open]
JavaScript warning: https://www.amazon.in/, line 3774: WEBGL_debug_renderer_info is deprecated in Firefox and will be removed. Please use RENDERER.
]]></system-err>
  </testcase>
  <testcase name="test2" classname="com.KanchanPractce.GoogleTest" time="0.002">
    <system-out><![CDATA[test2
]]></system-out>
    <system-err><![CDATA[1745760197088	Marionette	INFO	Stopped listening on port 59691
Dynamically enable window occlusion 1
1745760198507	geckodriver	INFO	Listening on 127.0.0.1:36250
1745760198540	mozrunner::runner	INFO	Running command: "C:\\Program Files\\Mozilla Firefox\\firefox.exe" "--marionette" "--remote-debugging-port" "1067" "--remote-allow-hosts" "localhost" "--remote-allow-origins" "http://127.0.0.1:1067/,http://localhost:1067/,http://[::1]:1067/" "-no-remote" "-profile" "C:\\WINDOWS\\SystemTemp\\rust_mozprofileA7sCG3"
console.warn: services.settings: Ignoring preference override of remote settings server
console.warn: services.settings: Allow by setting MOZ_REMOTE_SETTINGS_DEVTOOLS=1 in the environment
Dynamically enable window occlusion 0
1745760198926	Marionette	INFO	Marionette enabled
1745760199070	Marionette	INFO	Listening on port 59726
WebDriver BiDi listening on ws://127.0.0.1:1067
Read port: 59726
1745760199254	RemoteAgent	WARN	TLS certificate errors will be ignored for this session
[GFX1-]: Fallback WR to SW-WR + D3D11
[GFX1-]: Fallback SW-WR + D3D11 to SW-WR
[GFX1-]: Fallback remains SW-WR
[GFX1-]: Failed to initialize GPU process
[GFX1-]: RenderCompositorSWGL failed mapping default framebuffer, no dt
JavaScript error: resource://gre/modules/WindowsLaunchOnLogin.sys.mjs, line 35: NS_ERROR_FAILURE: Component returned failure code: 0x80004005 (NS_ERROR_FAILURE) [nsIWindowsRegKey.open]
JavaScript error: resource://gre/modules/WindowsLaunchOnLogin.sys.mjs, line 35: NS_ERROR_FAILURE: Component returned failure code: 0x80004005 (NS_ERROR_FAILURE) [nsIWindowsRegKey.open]
JavaScript warning: https://www.amazon.in/, line 3720: WEBGL_debug_renderer_info is deprecated in Firefox and will be removed. Please use RENDERER.
]]></system-err>
  </testcase>
  <testcase name="test3" classname="com.KanchanPractce.GoogleTest" time="0.001">
    <system-out><![CDATA[test3
]]></system-out>
    <system-err><![CDATA[1745760201927	Marionette	INFO	Stopped listening on port 59726
Dynamically enable window occlusion 1
1745760203638	geckodriver	INFO	Listening on 127.0.0.1:6348
1745760203680	mozrunner::runner	INFO	Running command: "C:\\Program Files\\Mozilla Firefox\\firefox.exe" "--marionette" "--remote-debugging-port" "26783" "--remote-allow-hosts" "localhost" "--remote-allow-origins" "http://127.0.0.1:26783/,http://localhost:26783/,http://[::1]:26783/" "-no-remote" "-profile" "C:\\WINDOWS\\SystemTemp\\rust_mozprofileG3nLyV"
console.warn: services.settings: Ignoring preference override of remote settings server
console.warn: services.settings: Allow by setting MOZ_REMOTE_SETTINGS_DEVTOOLS=1 in the environment
Dynamically enable window occlusion 0
1745760203990	Marionette	INFO	Marionette enabled
1745760204138	Marionette	INFO	Listening on port 59759
WebDriver BiDi listening on ws://127.0.0.1:26783
Read port: 59759
1745760204331	RemoteAgent	WARN	TLS certificate errors will be ignored for this session
[GFX1-]: Fallback WR to SW-WR + D3D11
[GFX1-]: Fallback SW-WR + D3D11 to SW-WR
[GFX1-]: Fallback remains SW-WR
[GFX1-]: Failed to initialize GPU process
[GFX1-]: RenderCompositorSWGL failed mapping default framebuffer, no dt
JavaScript error: resource://gre/modules/WindowsLaunchOnLogin.sys.mjs, line 35: NS_ERROR_FAILURE: Component returned failure code: 0x80004005 (NS_ERROR_FAILURE) [nsIWindowsRegKey.open]
JavaScript error: resource://gre/modules/WindowsLaunchOnLogin.sys.mjs, line 35: NS_ERROR_FAILURE: Component returned failure code: 0x80004005 (NS_ERROR_FAILURE) [nsIWindowsRegKey.open]
JavaScript warning: https://www.amazon.in/, line 3759: WEBGL_debug_renderer_info is deprecated in Firefox and will be removed. Please use RENDERER.
]]></system-err>
  </testcase>
</testsuite>