<?xml version="1.0" encoding="UTF-8"?>
<testng-results ignored="0" total="11" passed="11" failed="0" skipped="0">
  <reporter-output>
  </reporter-output>
  <suite started-at="2025-05-05T09:08:22 IST" name="Suite" finished-at="2025-05-05T09:09:19 IST" duration-ms="57088">
    <groups>
    </groups>
    <test started-at="2025-05-05T09:08:22 IST" name="Test" finished-at="2025-05-05T09:09:19 IST" duration-ms="57088">
      <class name="com.KanchanPractce.InvocationCountTest">
        <test-method signature="swapp()[pri:0, instance:com.KanchanPractce.InvocationCountTest@783a467b]" started-at="2025-05-05T09:08:22 IST" name="swapp" finished-at="2025-05-05T09:08:22 IST" duration-ms="10" status="PASS">
          <reporter-output>
          </reporter-output>
        </test-method> <!-- swapp -->
        <test-method signature="swapp()[pri:0, instance:com.KanchanPractce.InvocationCountTest@783a467b]" started-at="2025-05-05T09:08:22 IST" name="swapp" finished-at="2025-05-05T09:08:22 IST" duration-ms="1" status="PASS">
          <reporter-output>
          </reporter-output>
        </test-method> <!-- swapp -->
      </class> <!-- com.KanchanPractce.InvocationCountTest -->
      <class name="com.KanchanPractce.TestngFeatures">
        <test-method is-config="true" signature="setup()[pri:0, instance:com.KanchanPractce.TestngFeatures@7b36aa0c]" started-at="2025-05-05T09:08:22 IST" name="setup" finished-at="2025-05-05T09:08:28 IST" duration-ms="6870" status="PASS">
          <reporter-output>
          </reporter-output>
        </test-method> <!-- setup -->
        <test-method signature="userName()[pri:0, instance:com.KanchanPractce.TestngFeatures@7b36aa0c]" started-at="2025-05-05T09:08:28 IST" name="userName" finished-at="2025-05-05T09:08:28 IST" duration-ms="1" status="PASS">
          <reporter-output>
          </reporter-output>
        </test-method> <!-- userName -->
        <test-method is-config="true" signature="tearDown()[pri:0, instance:com.KanchanPractce.TestngFeatures@7b36aa0c]" started-at="2025-05-05T09:08:28 IST" name="tearDown" finished-at="2025-05-05T09:08:30 IST" duration-ms="1128" status="PASS">
          <reporter-output>
          </reporter-output>
        </test-method> <!-- tearDown -->
        <test-method is-config="true" signature="setup()[pri:0, instance:com.KanchanPractce.TestngFeatures@7b36aa0c]" started-at="2025-05-05T09:08:30 IST" name="setup" finished-at="2025-05-05T09:08:34 IST" duration-ms="4612" status="PASS">
          <reporter-output>
          </reporter-output>
        </test-method> <!-- setup -->
        <test-method signature="login()[pri:0, instance:com.KanchanPractce.TestngFeatures@7b36aa0c]" started-at="2025-05-05T09:08:34 IST" name="login" finished-at="2025-05-05T09:08:34 IST" depends-on-methods="com.KanchanPractce.TestngFeatures.userName" duration-ms="1" status="PASS">
          <reporter-output>
          </reporter-output>
        </test-method> <!-- login -->
        <test-method is-config="true" signature="tearDown()[pri:0, instance:com.KanchanPractce.TestngFeatures@7b36aa0c]" started-at="2025-05-05T09:08:34 IST" name="tearDown" finished-at="2025-05-05T09:08:35 IST" duration-ms="1105" status="PASS">
          <reporter-output>
          </reporter-output>
        </test-method> <!-- tearDown -->
        <test-method is-config="true" signature="setup()[pri:0, instance:com.KanchanPractce.TestngFeatures@7b36aa0c]" started-at="2025-05-05T09:08:35 IST" name="setup" finished-at="2025-05-05T09:08:40 IST" duration-ms="4277" status="PASS">
          <reporter-output>
          </reporter-output>
        </test-method> <!-- setup -->
        <test-method signature="password()[pri:0, instance:com.KanchanPractce.TestngFeatures@7b36aa0c]" started-at="2025-05-05T09:08:40 IST" name="password" finished-at="2025-05-05T09:08:40 IST" depends-on-methods="com.KanchanPractce.TestngFeatures.userName" duration-ms="1" status="PASS">
          <reporter-output>
          </reporter-output>
        </test-method> <!-- password -->
        <test-method is-config="true" signature="tearDown()[pri:0, instance:com.KanchanPractce.TestngFeatures@7b36aa0c]" started-at="2025-05-05T09:08:40 IST" name="tearDown" finished-at="2025-05-05T09:08:41 IST" duration-ms="1092" status="PASS">
          <reporter-output>
          </reporter-output>
        </test-method> <!-- tearDown -->
      </class> <!-- com.KanchanPractce.TestngFeatures -->
      <class name="com.KanchanPractce.GoogleTest">
        <test-method is-config="true" signature="setup()[pri:0, instance:com.KanchanPractce.GoogleTest@2a7f1f10]" started-at="2025-05-05T09:08:41 IST" name="setup" finished-at="2025-05-05T09:08:44 IST" duration-ms="3797" status="PASS">
          <reporter-output>
          </reporter-output>
        </test-method> <!-- setup -->
        <test-method signature="checkTest()[pri:1, instance:com.KanchanPractce.GoogleTest@2a7f1f10]" started-at="2025-05-05T09:08:44 IST" name="checkTest" finished-at="2025-05-05T09:08:44 IST" duration-ms="8" status="PASS">
          <reporter-output>
          </reporter-output>
        </test-method> <!-- checkTest -->
        <test-method is-config="true" signature="tearDown()[pri:0, instance:com.KanchanPractce.GoogleTest@2a7f1f10]" started-at="2025-05-05T09:08:44 IST" name="tearDown" finished-at="2025-05-05T09:08:46 IST" duration-ms="1710" status="PASS">
          <reporter-output>
          </reporter-output>
        </test-method> <!-- tearDown -->
        <test-method is-config="true" signature="setup()[pri:0, instance:com.KanchanPractce.GoogleTest@2a7f1f10]" started-at="2025-05-05T09:08:46 IST" name="setup" finished-at="2025-05-05T09:08:51 IST" duration-ms="4345" status="PASS">
          <reporter-output>
          </reporter-output>
        </test-method> <!-- setup -->
        <test-method signature="checkIndia()[pri:2, instance:com.KanchanPractce.GoogleTest@2a7f1f10]" started-at="2025-05-05T09:08:51 IST" name="checkIndia" finished-at="2025-05-05T09:08:51 IST" duration-ms="270" status="PASS">
          <reporter-output>
          </reporter-output>
        </test-method> <!-- checkIndia -->
        <test-method is-config="true" signature="tearDown()[pri:0, instance:com.KanchanPractce.GoogleTest@2a7f1f10]" started-at="2025-05-05T09:08:51 IST" name="tearDown" finished-at="2025-05-05T09:08:52 IST" duration-ms="1434" status="PASS">
          <reporter-output>
          </reporter-output>
        </test-method> <!-- tearDown -->
        <test-method is-config="true" signature="setup()[pri:0, instance:com.KanchanPractce.GoogleTest@2a7f1f10]" started-at="2025-05-05T09:08:52 IST" name="setup" finished-at="2025-05-05T09:08:57 IST" duration-ms="5070" status="PASS">
          <reporter-output>
          </reporter-output>
        </test-method> <!-- setup -->
        <test-method signature="search()[pri:3, instance:com.KanchanPractce.GoogleTest@2a7f1f10]" started-at="2025-05-05T09:08:57 IST" name="search" finished-at="2025-05-05T09:08:57 IST" duration-ms="93" status="PASS">
          <reporter-output>
          </reporter-output>
        </test-method> <!-- search -->
        <test-method is-config="true" signature="tearDown()[pri:0, instance:com.KanchanPractce.GoogleTest@2a7f1f10]" started-at="2025-05-05T09:08:57 IST" name="tearDown" finished-at="2025-05-05T09:08:59 IST" duration-ms="1287" status="PASS">
          <reporter-output>
          </reporter-output>
        </test-method> <!-- tearDown -->
        <test-method is-config="true" signature="setup()[pri:0, instance:com.KanchanPractce.GoogleTest@2a7f1f10]" started-at="2025-05-05T09:08:59 IST" name="setup" finished-at="2025-05-05T09:09:03 IST" duration-ms="4188" status="PASS">
          <reporter-output>
          </reporter-output>
        </test-method> <!-- setup -->
        <test-method signature="test1()[pri:4, instance:com.KanchanPractce.GoogleTest@2a7f1f10]" started-at="2025-05-05T09:09:03 IST" name="test1" finished-at="2025-05-05T09:09:03 IST" duration-ms="0" status="PASS">
          <reporter-output>
          </reporter-output>
        </test-method> <!-- test1 -->
        <test-method is-config="true" signature="tearDown()[pri:0, instance:com.KanchanPractce.GoogleTest@2a7f1f10]" started-at="2025-05-05T09:09:03 IST" name="tearDown" finished-at="2025-05-05T09:09:05 IST" duration-ms="1963" status="PASS">
          <reporter-output>
          </reporter-output>
        </test-method> <!-- tearDown -->
        <test-method is-config="true" signature="setup()[pri:0, instance:com.KanchanPractce.GoogleTest@2a7f1f10]" started-at="2025-05-05T09:09:05 IST" name="setup" finished-at="2025-05-05T09:09:12 IST" duration-ms="6776" status="PASS">
          <reporter-output>
          </reporter-output>
        </test-method> <!-- setup -->
        <test-method signature="test2()[pri:5, instance:com.KanchanPractce.GoogleTest@2a7f1f10]" started-at="2025-05-05T09:09:12 IST" name="test2" finished-at="2025-05-05T09:09:12 IST" duration-ms="0" status="PASS">
          <reporter-output>
          </reporter-output>
        </test-method> <!-- test2 -->
        <test-method is-config="true" signature="tearDown()[pri:0, instance:com.KanchanPractce.GoogleTest@2a7f1f10]" started-at="2025-05-05T09:09:12 IST" name="tearDown" finished-at="2025-05-05T09:09:13 IST" duration-ms="1361" status="PASS">
          <reporter-output>
          </reporter-output>
        </test-method> <!-- tearDown -->
        <test-method is-config="true" signature="setup()[pri:0, instance:com.KanchanPractce.GoogleTest@2a7f1f10]" started-at="2025-05-05T09:09:13 IST" name="setup" finished-at="2025-05-05T09:09:17 IST" duration-ms="4132" status="PASS">
          <reporter-output>
          </reporter-output>
        </test-method> <!-- setup -->
        <test-method signature="test3()[pri:6, instance:com.KanchanPractce.GoogleTest@2a7f1f10]" started-at="2025-05-05T09:09:17 IST" name="test3" finished-at="2025-05-05T09:09:17 IST" duration-ms="0" status="PASS">
          <reporter-output>
          </reporter-output>
        </test-method> <!-- test3 -->
        <test-method is-config="true" signature="tearDown()[pri:0, instance:com.KanchanPractce.GoogleTest@2a7f1f10]" started-at="2025-05-05T09:09:17 IST" name="tearDown" finished-at="2025-05-05T09:09:19 IST" duration-ms="1492" status="PASS">
          <reporter-output>
          </reporter-output>
        </test-method> <!-- tearDown -->
      </class> <!-- com.KanchanPractce.GoogleTest -->
    </test> <!-- Test -->
  </suite> <!-- Suite -->
</testng-results>
