<?xml version="1.0" encoding="UTF-8"?>
<testng-results ignored="0" total="11" passed="11" failed="0" skipped="0">
  <reporter-output>
  </reporter-output>
  <suite started-at="2025-04-28T21:46:58 IST" name="Suite" finished-at="2025-04-28T21:47:58 IST" duration-ms="60092">
    <groups>
    </groups>
    <test started-at="2025-04-28T21:46:58 IST" name="Test" finished-at="2025-04-28T21:47:58 IST" duration-ms="60092">
      <class name="com.KanchanPractce.InvocationCountTest">
        <test-method signature="swapp()[pri:0, instance:com.KanchanPractce.InvocationCountTest@2e385cce]" started-at="2025-04-28T21:46:58 IST" name="swapp" finished-at="2025-04-28T21:46:58 IST" duration-ms="16" status="PASS">
          <reporter-output>
          </reporter-output>
        </test-method> <!-- swapp -->
        <test-method signature="swapp()[pri:0, instance:com.KanchanPractce.InvocationCountTest@2e385cce]" started-at="2025-04-28T21:46:58 IST" name="swapp" finished-at="2025-04-28T21:46:58 IST" duration-ms="1" status="PASS">
          <reporter-output>
          </reporter-output>
        </test-method> <!-- swapp -->
      </class> <!-- com.KanchanPractce.InvocationCountTest -->
      <class name="com.KanchanPractce.TestngFeatures">
        <test-method is-config="true" signature="setup()[pri:0, instance:com.KanchanPractce.TestngFeatures@2eae8e6e]" started-at="2025-04-28T21:46:58 IST" name="setup" finished-at="2025-04-28T21:47:05 IST" duration-ms="7557" status="PASS">
          <reporter-output>
          </reporter-output>
        </test-method> <!-- setup -->
        <test-method signature="userName()[pri:0, instance:com.KanchanPractce.TestngFeatures@2eae8e6e]" started-at="2025-04-28T21:47:05 IST" name="userName" finished-at="2025-04-28T21:47:05 IST" duration-ms="2" status="PASS">
          <reporter-output>
          </reporter-output>
        </test-method> <!-- userName -->
        <test-method is-config="true" signature="tearDown()[pri:0, instance:com.KanchanPractce.TestngFeatures@2eae8e6e]" started-at="2025-04-28T21:47:05 IST" name="tearDown" finished-at="2025-04-28T21:47:07 IST" duration-ms="1334" status="PASS">
          <reporter-output>
          </reporter-output>
        </test-method> <!-- tearDown -->
        <test-method is-config="true" signature="setup()[pri:0, instance:com.KanchanPractce.TestngFeatures@2eae8e6e]" started-at="2025-04-28T21:47:07 IST" name="setup" finished-at="2025-04-28T21:47:11 IST" duration-ms="4663" status="PASS">
          <reporter-output>
          </reporter-output>
        </test-method> <!-- setup -->
        <test-method signature="login()[pri:0, instance:com.KanchanPractce.TestngFeatures@2eae8e6e]" started-at="2025-04-28T21:47:11 IST" name="login" finished-at="2025-04-28T21:47:11 IST" depends-on-methods="com.KanchanPractce.TestngFeatures.userName" duration-ms="2" status="PASS">
          <reporter-output>
          </reporter-output>
        </test-method> <!-- login -->
        <test-method is-config="true" signature="tearDown()[pri:0, instance:com.KanchanPractce.TestngFeatures@2eae8e6e]" started-at="2025-04-28T21:47:11 IST" name="tearDown" finished-at="2025-04-28T21:47:13 IST" duration-ms="1145" status="PASS">
          <reporter-output>
          </reporter-output>
        </test-method> <!-- tearDown -->
        <test-method is-config="true" signature="setup()[pri:0, instance:com.KanchanPractce.TestngFeatures@2eae8e6e]" started-at="2025-04-28T21:47:13 IST" name="setup" finished-at="2025-04-28T21:47:18 IST" duration-ms="5780" status="PASS">
          <reporter-output>
          </reporter-output>
        </test-method> <!-- setup -->
        <test-method signature="password()[pri:0, instance:com.KanchanPractce.TestngFeatures@2eae8e6e]" started-at="2025-04-28T21:47:18 IST" name="password" finished-at="2025-04-28T21:47:18 IST" depends-on-methods="com.KanchanPractce.TestngFeatures.userName" duration-ms="1" status="PASS">
          <reporter-output>
          </reporter-output>
        </test-method> <!-- password -->
        <test-method is-config="true" signature="tearDown()[pri:0, instance:com.KanchanPractce.TestngFeatures@2eae8e6e]" started-at="2025-04-28T21:47:18 IST" name="tearDown" finished-at="2025-04-28T21:47:20 IST" duration-ms="1312" status="PASS">
          <reporter-output>
          </reporter-output>
        </test-method> <!-- tearDown -->
      </class> <!-- com.KanchanPractce.TestngFeatures -->
      <class name="com.KanchanPractce.GoogleTest">
        <test-method is-config="true" signature="setup()[pri:0, instance:com.KanchanPractce.GoogleTest@712625fd]" started-at="2025-04-28T21:47:20 IST" name="setup" finished-at="2025-04-28T21:47:24 IST" duration-ms="4132" status="PASS">
          <reporter-output>
          </reporter-output>
        </test-method> <!-- setup -->
        <test-method signature="checkTest()[pri:1, instance:com.KanchanPractce.GoogleTest@712625fd]" started-at="2025-04-28T21:47:24 IST" name="checkTest" finished-at="2025-04-28T21:47:24 IST" duration-ms="9" status="PASS">
          <reporter-output>
          </reporter-output>
        </test-method> <!-- checkTest -->
        <test-method is-config="true" signature="tearDown()[pri:0, instance:com.KanchanPractce.GoogleTest@712625fd]" started-at="2025-04-28T21:47:24 IST" name="tearDown" finished-at="2025-04-28T21:47:25 IST" duration-ms="1510" status="PASS">
          <reporter-output>
          </reporter-output>
        </test-method> <!-- tearDown -->
        <test-method is-config="true" signature="setup()[pri:0, instance:com.KanchanPractce.GoogleTest@712625fd]" started-at="2025-04-28T21:47:25 IST" name="setup" finished-at="2025-04-28T21:47:29 IST" duration-ms="3744" status="PASS">
          <reporter-output>
          </reporter-output>
        </test-method> <!-- setup -->
        <test-method signature="checkIndia()[pri:2, instance:com.KanchanPractce.GoogleTest@712625fd]" started-at="2025-04-28T21:47:29 IST" name="checkIndia" finished-at="2025-04-28T21:47:30 IST" duration-ms="426" status="PASS">
          <reporter-output>
          </reporter-output>
        </test-method> <!-- checkIndia -->
        <test-method is-config="true" signature="tearDown()[pri:0, instance:com.KanchanPractce.GoogleTest@712625fd]" started-at="2025-04-28T21:47:30 IST" name="tearDown" finished-at="2025-04-28T21:47:31 IST" duration-ms="1899" status="PASS">
          <reporter-output>
          </reporter-output>
        </test-method> <!-- tearDown -->
        <test-method is-config="true" signature="setup()[pri:0, instance:com.KanchanPractce.GoogleTest@712625fd]" started-at="2025-04-28T21:47:31 IST" name="setup" finished-at="2025-04-28T21:47:36 IST" duration-ms="4386" status="PASS">
          <reporter-output>
          </reporter-output>
        </test-method> <!-- setup -->
        <test-method signature="search()[pri:3, instance:com.KanchanPractce.GoogleTest@712625fd]" started-at="2025-04-28T21:47:36 IST" name="search" finished-at="2025-04-28T21:47:36 IST" duration-ms="400" status="PASS">
          <reporter-output>
          </reporter-output>
        </test-method> <!-- search -->
        <test-method is-config="true" signature="tearDown()[pri:0, instance:com.KanchanPractce.GoogleTest@712625fd]" started-at="2025-04-28T21:47:36 IST" name="tearDown" finished-at="2025-04-28T21:47:38 IST" duration-ms="1492" status="PASS">
          <reporter-output>
          </reporter-output>
        </test-method> <!-- tearDown -->
        <test-method is-config="true" signature="setup()[pri:0, instance:com.KanchanPractce.GoogleTest@712625fd]" started-at="2025-04-28T21:47:38 IST" name="setup" finished-at="2025-04-28T21:47:43 IST" duration-ms="5009" status="PASS">
          <reporter-output>
          </reporter-output>
        </test-method> <!-- setup -->
        <test-method signature="test1()[pri:4, instance:com.KanchanPractce.GoogleTest@712625fd]" started-at="2025-04-28T21:47:43 IST" name="test1" finished-at="2025-04-28T21:47:43 IST" duration-ms="1" status="PASS">
          <reporter-output>
          </reporter-output>
        </test-method> <!-- test1 -->
        <test-method is-config="true" signature="tearDown()[pri:0, instance:com.KanchanPractce.GoogleTest@712625fd]" started-at="2025-04-28T21:47:43 IST" name="tearDown" finished-at="2025-04-28T21:47:44 IST" duration-ms="1533" status="PASS">
          <reporter-output>
          </reporter-output>
        </test-method> <!-- tearDown -->
        <test-method is-config="true" signature="setup()[pri:0, instance:com.KanchanPractce.GoogleTest@712625fd]" started-at="2025-04-28T21:47:44 IST" name="setup" finished-at="2025-04-28T21:47:50 IST" duration-ms="5341" status="PASS">
          <reporter-output>
          </reporter-output>
        </test-method> <!-- setup -->
        <test-method signature="test2()[pri:5, instance:com.KanchanPractce.GoogleTest@712625fd]" started-at="2025-04-28T21:47:50 IST" name="test2" finished-at="2025-04-28T21:47:50 IST" duration-ms="1" status="PASS">
          <reporter-output>
          </reporter-output>
        </test-method> <!-- test2 -->
        <test-method is-config="true" signature="tearDown()[pri:0, instance:com.KanchanPractce.GoogleTest@712625fd]" started-at="2025-04-28T21:47:50 IST" name="tearDown" finished-at="2025-04-28T21:47:51 IST" duration-ms="1516" status="PASS">
          <reporter-output>
          </reporter-output>
        </test-method> <!-- tearDown -->
        <test-method is-config="true" signature="setup()[pri:0, instance:com.KanchanPractce.GoogleTest@712625fd]" started-at="2025-04-28T21:47:51 IST" name="setup" finished-at="2025-04-28T21:47:56 IST" duration-ms="5265" status="PASS">
          <reporter-output>
          </reporter-output>
        </test-method> <!-- setup -->
        <test-method signature="test3()[pri:6, instance:com.KanchanPractce.GoogleTest@712625fd]" started-at="2025-04-28T21:47:56 IST" name="test3" finished-at="2025-04-28T21:47:56 IST" duration-ms="1" status="PASS">
          <reporter-output>
          </reporter-output>
        </test-method> <!-- test3 -->
        <test-method is-config="true" signature="tearDown()[pri:0, instance:com.KanchanPractce.GoogleTest@712625fd]" started-at="2025-04-28T21:47:56 IST" name="tearDown" finished-at="2025-04-28T21:47:58 IST" duration-ms="1487" status="PASS">
          <reporter-output>
          </reporter-output>
        </test-method> <!-- tearDown -->
      </class> <!-- com.KanchanPractce.GoogleTest -->
    </test> <!-- Test -->
  </suite> <!-- Suite -->
</testng-results>
