<?xml version="1.0" encoding="UTF-8"?>
<testng-results ignored="0" total="11" passed="11" failed="0" skipped="0">
  <reporter-output>
  </reporter-output>
  <suite started-at="2025-04-25T21:45:21 IST" name="Suite" finished-at="2025-04-25T21:46:31 IST" duration-ms="70278">
    <groups>
    </groups>
    <test started-at="2025-04-25T21:45:21 IST" name="Test" finished-at="2025-04-25T21:46:31 IST" duration-ms="70278">
      <class name="com.KanchanPractce.InvocationCountTest">
        <test-method signature="swapp()[pri:0, instance:com.KanchanPractce.InvocationCountTest@2e385cce]" started-at="2025-04-25T21:45:21 IST" name="swapp" finished-at="2025-04-25T21:45:21 IST" duration-ms="17" status="PASS">
          <reporter-output>
          </reporter-output>
        </test-method> <!-- swapp -->
        <test-method signature="swapp()[pri:0, instance:com.KanchanPractce.InvocationCountTest@2e385cce]" started-at="2025-04-25T21:45:21 IST" name="swapp" finished-at="2025-04-25T21:45:21 IST" duration-ms="1" status="PASS">
          <reporter-output>
          </reporter-output>
        </test-method> <!-- swapp -->
      </class> <!-- com.KanchanPractce.InvocationCountTest -->
      <class name="com.KanchanPractce.TestngFeatures">
        <test-method is-config="true" signature="setup()[pri:0, instance:com.KanchanPractce.TestngFeatures@2eae8e6e]" started-at="2025-04-25T21:45:21 IST" name="setup" finished-at="2025-04-25T21:45:31 IST" duration-ms="9706" status="PASS">
          <reporter-output>
          </reporter-output>
        </test-method> <!-- setup -->
        <test-method signature="userName()[pri:0, instance:com.KanchanPractce.TestngFeatures@2eae8e6e]" started-at="2025-04-25T21:45:31 IST" name="userName" finished-at="2025-04-25T21:45:31 IST" duration-ms="0" status="PASS">
          <reporter-output>
          </reporter-output>
        </test-method> <!-- userName -->
        <test-method is-config="true" signature="tearDown()[pri:0, instance:com.KanchanPractce.TestngFeatures@2eae8e6e]" started-at="2025-04-25T21:45:31 IST" name="tearDown" finished-at="2025-04-25T21:45:32 IST" duration-ms="1152" status="PASS">
          <reporter-output>
          </reporter-output>
        </test-method> <!-- tearDown -->
        <test-method is-config="true" signature="setup()[pri:0, instance:com.KanchanPractce.TestngFeatures@2eae8e6e]" started-at="2025-04-25T21:45:32 IST" name="setup" finished-at="2025-04-25T21:45:38 IST" duration-ms="6513" status="PASS">
          <reporter-output>
          </reporter-output>
        </test-method> <!-- setup -->
        <test-method signature="login()[pri:0, instance:com.KanchanPractce.TestngFeatures@2eae8e6e]" started-at="2025-04-25T21:45:38 IST" name="login" finished-at="2025-04-25T21:45:38 IST" depends-on-methods="com.KanchanPractce.TestngFeatures.userName" duration-ms="2" status="PASS">
          <reporter-output>
          </reporter-output>
        </test-method> <!-- login -->
        <test-method is-config="true" signature="tearDown()[pri:0, instance:com.KanchanPractce.TestngFeatures@2eae8e6e]" started-at="2025-04-25T21:45:38 IST" name="tearDown" finished-at="2025-04-25T21:45:41 IST" duration-ms="2205" status="PASS">
          <reporter-output>
          </reporter-output>
        </test-method> <!-- tearDown -->
        <test-method is-config="true" signature="setup()[pri:0, instance:com.KanchanPractce.TestngFeatures@2eae8e6e]" started-at="2025-04-25T21:45:41 IST" name="setup" finished-at="2025-04-25T21:45:48 IST" duration-ms="6982" status="PASS">
          <reporter-output>
          </reporter-output>
        </test-method> <!-- setup -->
        <test-method signature="password()[pri:0, instance:com.KanchanPractce.TestngFeatures@2eae8e6e]" started-at="2025-04-25T21:45:48 IST" name="password" finished-at="2025-04-25T21:45:48 IST" depends-on-methods="com.KanchanPractce.TestngFeatures.userName" duration-ms="2" status="PASS">
          <reporter-output>
          </reporter-output>
        </test-method> <!-- password -->
        <test-method is-config="true" signature="tearDown()[pri:0, instance:com.KanchanPractce.TestngFeatures@2eae8e6e]" started-at="2025-04-25T21:45:48 IST" name="tearDown" finished-at="2025-04-25T21:45:50 IST" duration-ms="2150" status="PASS">
          <reporter-output>
          </reporter-output>
        </test-method> <!-- tearDown -->
      </class> <!-- com.KanchanPractce.TestngFeatures -->
      <class name="com.KanchanPractce.GoogleTest">
        <test-method is-config="true" signature="setup()[pri:0, instance:com.KanchanPractce.GoogleTest@712625fd]" started-at="2025-04-25T21:45:50 IST" name="setup" finished-at="2025-04-25T21:45:57 IST" duration-ms="7276" status="PASS">
          <reporter-output>
          </reporter-output>
        </test-method> <!-- setup -->
        <test-method signature="checkTest()[pri:1, instance:com.KanchanPractce.GoogleTest@712625fd]" started-at="2025-04-25T21:45:57 IST" name="checkTest" finished-at="2025-04-25T21:45:57 IST" duration-ms="42" status="PASS">
          <reporter-output>
          </reporter-output>
        </test-method> <!-- checkTest -->
        <test-method is-config="true" signature="tearDown()[pri:0, instance:com.KanchanPractce.GoogleTest@712625fd]" started-at="2025-04-25T21:45:57 IST" name="tearDown" finished-at="2025-04-25T21:45:58 IST" duration-ms="1444" status="PASS">
          <reporter-output>
          </reporter-output>
        </test-method> <!-- tearDown -->
        <test-method is-config="true" signature="setup()[pri:0, instance:com.KanchanPractce.GoogleTest@712625fd]" started-at="2025-04-25T21:45:59 IST" name="setup" finished-at="2025-04-25T21:46:03 IST" duration-ms="4985" status="PASS">
          <reporter-output>
          </reporter-output>
        </test-method> <!-- setup -->
        <test-method signature="checkIndia()[pri:2, instance:com.KanchanPractce.GoogleTest@712625fd]" started-at="2025-04-25T21:46:03 IST" name="checkIndia" finished-at="2025-04-25T21:46:04 IST" duration-ms="485" status="PASS">
          <reporter-output>
          </reporter-output>
        </test-method> <!-- checkIndia -->
        <test-method is-config="true" signature="tearDown()[pri:0, instance:com.KanchanPractce.GoogleTest@712625fd]" started-at="2025-04-25T21:46:04 IST" name="tearDown" finished-at="2025-04-25T21:46:06 IST" duration-ms="1574" status="PASS">
          <reporter-output>
          </reporter-output>
        </test-method> <!-- tearDown -->
        <test-method is-config="true" signature="setup()[pri:0, instance:com.KanchanPractce.GoogleTest@712625fd]" started-at="2025-04-25T21:46:06 IST" name="setup" finished-at="2025-04-25T21:46:10 IST" duration-ms="4099" status="PASS">
          <reporter-output>
          </reporter-output>
        </test-method> <!-- setup -->
        <test-method signature="search()[pri:3, instance:com.KanchanPractce.GoogleTest@712625fd]" started-at="2025-04-25T21:46:10 IST" name="search" finished-at="2025-04-25T21:46:10 IST" duration-ms="531" status="PASS">
          <reporter-output>
          </reporter-output>
        </test-method> <!-- search -->
        <test-method is-config="true" signature="tearDown()[pri:0, instance:com.KanchanPractce.GoogleTest@712625fd]" started-at="2025-04-25T21:46:10 IST" name="tearDown" finished-at="2025-04-25T21:46:12 IST" duration-ms="1577" status="PASS">
          <reporter-output>
          </reporter-output>
        </test-method> <!-- tearDown -->
        <test-method is-config="true" signature="setup()[pri:0, instance:com.KanchanPractce.GoogleTest@712625fd]" started-at="2025-04-25T21:46:12 IST" name="setup" finished-at="2025-04-25T21:46:17 IST" duration-ms="5019" status="PASS">
          <reporter-output>
          </reporter-output>
        </test-method> <!-- setup -->
        <test-method signature="test1()[pri:4, instance:com.KanchanPractce.GoogleTest@712625fd]" started-at="2025-04-25T21:46:17 IST" name="test1" finished-at="2025-04-25T21:46:17 IST" duration-ms="2" status="PASS">
          <reporter-output>
          </reporter-output>
        </test-method> <!-- test1 -->
        <test-method is-config="true" signature="tearDown()[pri:0, instance:com.KanchanPractce.GoogleTest@712625fd]" started-at="2025-04-25T21:46:17 IST" name="tearDown" finished-at="2025-04-25T21:46:19 IST" duration-ms="1726" status="PASS">
          <reporter-output>
          </reporter-output>
        </test-method> <!-- tearDown -->
        <test-method is-config="true" signature="setup()[pri:0, instance:com.KanchanPractce.GoogleTest@712625fd]" started-at="2025-04-25T21:46:19 IST" name="setup" finished-at="2025-04-25T21:46:22 IST" duration-ms="3965" status="PASS">
          <reporter-output>
          </reporter-output>
        </test-method> <!-- setup -->
        <test-method signature="test2()[pri:5, instance:com.KanchanPractce.GoogleTest@712625fd]" started-at="2025-04-25T21:46:22 IST" name="test2" finished-at="2025-04-25T21:46:22 IST" duration-ms="0" status="PASS">
          <reporter-output>
          </reporter-output>
        </test-method> <!-- test2 -->
        <test-method is-config="true" signature="tearDown()[pri:0, instance:com.KanchanPractce.GoogleTest@712625fd]" started-at="2025-04-25T21:46:22 IST" name="tearDown" finished-at="2025-04-25T21:46:24 IST" duration-ms="1983" status="PASS">
          <reporter-output>
          </reporter-output>
        </test-method> <!-- tearDown -->
        <test-method is-config="true" signature="setup()[pri:0, instance:com.KanchanPractce.GoogleTest@712625fd]" started-at="2025-04-25T21:46:24 IST" name="setup" finished-at="2025-04-25T21:46:29 IST" duration-ms="4907" status="PASS">
          <reporter-output>
          </reporter-output>
        </test-method> <!-- setup -->
        <test-method signature="test3()[pri:6, instance:com.KanchanPractce.GoogleTest@712625fd]" started-at="2025-04-25T21:46:29 IST" name="test3" finished-at="2025-04-25T21:46:29 IST" duration-ms="0" status="PASS">
          <reporter-output>
          </reporter-output>
        </test-method> <!-- test3 -->
        <test-method is-config="true" signature="tearDown()[pri:0, instance:com.KanchanPractce.GoogleTest@712625fd]" started-at="2025-04-25T21:46:29 IST" name="tearDown" finished-at="2025-04-25T21:46:31 IST" duration-ms="1784" status="PASS">
          <reporter-output>
          </reporter-output>
        </test-method> <!-- tearDown -->
      </class> <!-- com.KanchanPractce.GoogleTest -->
    </test> <!-- Test -->
  </suite> <!-- Suite -->
</testng-results>
